Train on 50000 samples, validate on 10000 samples
Epoch 1/100
50000/50000 [==============================] - 4s 73us/sample - loss: 2.0498 - acc: 0.2600 - val_loss: 1.9006 - val_acc: 0.3092
Epoch 2/100
50000/50000 [==============================] - 3s 60us/sample - loss: 1.8474 - acc: 0.3424 - val_loss: 1.8076 - val_acc: 0.3639
Epoch 3/100
50000/50000 [==============================] - 3s 56us/sample - loss: 1.7810 - acc: 0.3668 - val_loss: 1.7417 - val_acc: 0.3839
Epoch 4/100
50000/50000 [==============================] - 3s 57us/sample - loss: 1.7284 - acc: 0.3851 - val_loss: 1.7106 - val_acc: 0.3839
Epoch 5/100
50000/50000 [==============================] - 3s 57us/sample - loss: 1.6902 - acc: 0.4002 - val_loss: 1.6770 - val_acc: 0.4013
Epoch 6/100
50000/50000 [==============================] - 3s 59us/sample - loss: 1.6643 - acc: 0.4082 - val_loss: 1.6552 - val_acc: 0.4169
Epoch 7/100
50000/50000 [==============================] - 3s 58us/sample - loss: 1.6419 - acc: 0.4192 - val_loss: 1.6333 - val_acc: 0.4191
Epoch 8/100
50000/50000 [==============================] - 3s 57us/sample - loss: 1.6206 - acc: 0.4280 - val_loss: 1.6182 - val_acc: 0.4265
Epoch 9/100
50000/50000 [==============================] - 3s 57us/sample - loss: 1.6027 - acc: 0.4333 - val_loss: 1.6060 - val_acc: 0.4321
Epoch 10/100
50000/50000 [==============================] - 3s 57us/sample - loss: 1.5881 - acc: 0.4406 - val_loss: 1.5871 - val_acc: 0.4370
Epoch 11/100
50000/50000 [==============================] - 3s 58us/sample - loss: 1.5745 - acc: 0.4429 - val_loss: 1.6075 - val_acc: 0.4333
Epoch 12/100
50000/50000 [==============================] - 3s 57us/sample - loss: 1.5593 - acc: 0.4497 - val_loss: 1.5756 - val_acc: 0.4390
Epoch 13/100
50000/50000 [==============================] - 3s 57us/sample - loss: 1.5494 - acc: 0.4529 - val_loss: 1.5779 - val_acc: 0.4407
Epoch 14/100
50000/50000 [==============================] - 3s 56us/sample - loss: 1.5384 - acc: 0.4579 - val_loss: 1.5766 - val_acc: 0.4333
Epoch 15/100
50000/50000 [==============================] - 3s 58us/sample - loss: 1.5278 - acc: 0.4627 - val_loss: 1.5550 - val_acc: 0.4565
Epoch 16/100
50000/50000 [==============================] - 3s 58us/sample - loss: 1.5205 - acc: 0.4624 - val_loss: 1.5437 - val_acc: 0.4550
Epoch 17/100
50000/50000 [==============================] - 3s 58us/sample - loss: 1.5124 - acc: 0.4666 - val_loss: 1.5404 - val_acc: 0.4482
Epoch 18/100
50000/50000 [==============================] - 3s 58us/sample - loss: 1.5028 - acc: 0.4696 - val_loss: 1.5369 - val_acc: 0.4560
Epoch 19/100
50000/50000 [==============================] - 3s 59us/sample - loss: 1.4963 - acc: 0.4704 - val_loss: 1.5270 - val_acc: 0.4651
Epoch 20/100
50000/50000 [==============================] - 3s 57us/sample - loss: 1.4868 - acc: 0.4771 - val_loss: 1.5232 - val_acc: 0.4634
Epoch 21/100
50000/50000 [==============================] - 3s 57us/sample - loss: 1.4812 - acc: 0.4768 - val_loss: 1.5292 - val_acc: 0.4579
Epoch 22/100
50000/50000 [==============================] - 3s 56us/sample - loss: 1.4759 - acc: 0.4814 - val_loss: 1.5149 - val_acc: 0.4625
Epoch 23/100
50000/50000 [==============================] - 3s 58us/sample - loss: 1.4690 - acc: 0.4814 - val_loss: 1.5182 - val_acc: 0.4625
Epoch 24/100
50000/50000 [==============================] - 3s 57us/sample - loss: 1.4630 - acc: 0.4831 - val_loss: 1.5128 - val_acc: 0.4661
Epoch 25/100
50000/50000 [==============================] - 3s 57us/sample - loss: 1.4556 - acc: 0.4860 - val_loss: 1.5013 - val_acc: 0.4724
Epoch 26/100
50000/50000 [==============================] - 3s 61us/sample - loss: 1.4519 - acc: 0.4873 - val_loss: 1.5024 - val_acc: 0.4714
Epoch 27/100
50000/50000 [==============================] - 3s 62us/sample - loss: 1.4458 - acc: 0.4892 - val_loss: 1.5127 - val_acc: 0.4605
Epoch 28/100
50000/50000 [==============================] - 3s 63us/sample - loss: 1.4420 - acc: 0.4894 - val_loss: 1.4918 - val_acc: 0.4736
Epoch 29/100
50000/50000 [==============================] - 3s 56us/sample - loss: 1.4364 - acc: 0.4921 - val_loss: 1.5119 - val_acc: 0.4594
Epoch 30/100
50000/50000 [==============================] - 3s 56us/sample - loss: 1.4311 - acc: 0.4946 - val_loss: 1.5040 - val_acc: 0.4707
Epoch 31/100
50000/50000 [==============================] - 3s 62us/sample - loss: 1.4274 - acc: 0.4967 - val_loss: 1.4979 - val_acc: 0.4725
Epoch 32/100
50000/50000 [==============================] - 3s 62us/sample - loss: 1.4227 - acc: 0.4979 - val_loss: 1.4972 - val_acc: 0.4771
Epoch 33/100
50000/50000 [==============================] - 3s 57us/sample - loss: 1.4190 - acc: 0.4994 - val_loss: 1.4867 - val_acc: 0.4793
Epoch 34/100
50000/50000 [==============================] - 3s 60us/sample - loss: 1.4178 - acc: 0.5000 - val_loss: 1.4890 - val_acc: 0.4722
Epoch 35/100
50000/50000 [==============================] - 3s 61us/sample - loss: 1.4109 - acc: 0.5020 - val_loss: 1.4906 - val_acc: 0.4738
Epoch 36/100
50000/50000 [==============================] - 3s 60us/sample - loss: 1.4066 - acc: 0.5022 - val_loss: 1.5198 - val_acc: 0.4662
Epoch 37/100
50000/50000 [==============================] - 3s 60us/sample - loss: 1.4042 - acc: 0.5029 - val_loss: 1.5010 - val_acc: 0.4746
Epoch 38/100
50000/50000 [==============================] - 3s 60us/sample - loss: 1.4000 - acc: 0.5062 - val_loss: 1.4776 - val_acc: 0.4792
Epoch 39/100
50000/50000 [==============================] - 3s 56us/sample - loss: 1.3955 - acc: 0.5075 - val_loss: 1.4827 - val_acc: 0.4797
Epoch 40/100
50000/50000 [==============================] - 3s 58us/sample - loss: 1.3930 - acc: 0.5071 - val_loss: 1.4992 - val_acc: 0.4688
Epoch 41/100
50000/50000 [==============================] - 3s 57us/sample - loss: 1.3909 - acc: 0.5087 - val_loss: 1.5039 - val_acc: 0.4733
Epoch 42/100
50000/50000 [==============================] - 3s 57us/sample - loss: 1.3871 - acc: 0.5091 - val_loss: 1.4802 - val_acc: 0.4775
Epoch 43/100
50000/50000 [==============================] - 3s 56us/sample - loss: 1.3828 - acc: 0.5106 - val_loss: 1.4923 - val_acc: 0.4760
Epoch 44/100
50000/50000 [==============================] - 3s 58us/sample - loss: 1.3803 - acc: 0.5110 - val_loss: 1.4829 - val_acc: 0.4741
Epoch 45/100
50000/50000 [==============================] - 3s 59us/sample - loss: 1.3781 - acc: 0.5132 - val_loss: 1.4814 - val_acc: 0.4747
Epoch 46/100
50000/50000 [==============================] - 3s 55us/sample - loss: 1.3738 - acc: 0.5152 - val_loss: 1.4754 - val_acc: 0.4815
Epoch 47/100
50000/50000 [==============================] - 3s 57us/sample - loss: 1.3712 - acc: 0.5161 - val_loss: 1.4966 - val_acc: 0.4679
Epoch 48/100
50000/50000 [==============================] - 3s 57us/sample - loss: 1.3689 - acc: 0.5145 - val_loss: 1.4738 - val_acc: 0.4799
Epoch 49/100
50000/50000 [==============================] - 3s 58us/sample - loss: 1.3676 - acc: 0.5143 - val_loss: 1.4789 - val_acc: 0.4778
Epoch 50/100
50000/50000 [==============================] - 3s 57us/sample - loss: 1.3650 - acc: 0.5158 - val_loss: 1.4672 - val_acc: 0.4825
Epoch 51/100
50000/50000 [==============================] - 3s 56us/sample - loss: 1.3613 - acc: 0.5182 - val_loss: 1.4643 - val_acc: 0.4867
Epoch 52/100
50000/50000 [==============================] - 3s 56us/sample - loss: 1.3592 - acc: 0.5180 - val_loss: 1.4759 - val_acc: 0.4839
Epoch 53/100
50000/50000 [==============================] - 3s 57us/sample - loss: 1.3557 - acc: 0.5198 - val_loss: 1.4799 - val_acc: 0.4832
Epoch 54/100
50000/50000 [==============================] - 3s 57us/sample - loss: 1.3547 - acc: 0.5210 - val_loss: 1.4850 - val_acc: 0.4756
Epoch 55/100
50000/50000 [==============================] - 3s 57us/sample - loss: 1.3508 - acc: 0.5225 - val_loss: 1.4771 - val_acc: 0.4835
Epoch 56/100
50000/50000 [==============================] - 3s 56us/sample - loss: 1.3487 - acc: 0.5225 - val_loss: 1.4646 - val_acc: 0.4875
Epoch 57/100
50000/50000 [==============================] - 3s 59us/sample - loss: 1.3459 - acc: 0.5224 - val_loss: 1.4822 - val_acc: 0.4754
Epoch 58/100
50000/50000 [==============================] - 3s 57us/sample - loss: 1.3450 - acc: 0.5230 - val_loss: 1.4697 - val_acc: 0.4787
Epoch 59/100
50000/50000 [==============================] - 3s 59us/sample - loss: 1.3431 - acc: 0.5237 - val_loss: 1.4611 - val_acc: 0.4853
Epoch 60/100
50000/50000 [==============================] - 3s 56us/sample - loss: 1.3408 - acc: 0.5267 - val_loss: 1.4739 - val_acc: 0.4804
Epoch 61/100
50000/50000 [==============================] - 3s 57us/sample - loss: 1.3382 - acc: 0.5265 - val_loss: 1.4664 - val_acc: 0.4866
Epoch 62/100
50000/50000 [==============================] - 3s 58us/sample - loss: 1.3359 - acc: 0.5273 - val_loss: 1.4677 - val_acc: 0.4819
Epoch 63/100
50000/50000 [==============================] - 3s 56us/sample - loss: 1.3325 - acc: 0.5273 - val_loss: 1.4601 - val_acc: 0.4801
Epoch 64/100
50000/50000 [==============================] - 3s 57us/sample - loss: 1.3306 - acc: 0.5282 - val_loss: 1.5131 - val_acc: 0.4722
Epoch 65/100
50000/50000 [==============================] - 3s 57us/sample - loss: 1.3276 - acc: 0.5308 - val_loss: 1.4543 - val_acc: 0.4901
Epoch 66/100
50000/50000 [==============================] - 3s 59us/sample - loss: 1.3264 - acc: 0.5301 - val_loss: 1.4654 - val_acc: 0.4796
Epoch 67/100
50000/50000 [==============================] - 3s 57us/sample - loss: 1.3257 - acc: 0.5299 - val_loss: 1.4648 - val_acc: 0.4851
Epoch 68/100
50000/50000 [==============================] - 3s 56us/sample - loss: 1.3216 - acc: 0.5309 - val_loss: 1.4700 - val_acc: 0.4833
Epoch 69/100
50000/50000 [==============================] - 3s 58us/sample - loss: 1.3210 - acc: 0.5314 - val_loss: 1.4572 - val_acc: 0.4867
Epoch 70/100
50000/50000 [==============================] - 3s 59us/sample - loss: 1.3183 - acc: 0.5319 - val_loss: 1.4771 - val_acc: 0.4809
Epoch 71/100
50000/50000 [==============================] - 3s 59us/sample - loss: 1.3165 - acc: 0.5335 - val_loss: 1.4960 - val_acc: 0.4798
Epoch 72/100
50000/50000 [==============================] - 3s 56us/sample - loss: 1.3148 - acc: 0.5342 - val_loss: 1.4704 - val_acc: 0.4833
Epoch 73/100
50000/50000 [==============================] - 3s 56us/sample - loss: 1.3118 - acc: 0.5363 - val_loss: 1.4621 - val_acc: 0.4796
Epoch 74/100
50000/50000 [==============================] - 3s 59us/sample - loss: 1.3120 - acc: 0.5352 - val_loss: 1.4865 - val_acc: 0.4801
Epoch 75/100
50000/50000 [==============================] - 3s 60us/sample - loss: 1.3095 - acc: 0.5358 - val_loss: 1.4861 - val_acc: 0.4792
Epoch 76/100
50000/50000 [==============================] - 3s 57us/sample - loss: 1.3087 - acc: 0.5369 - val_loss: 1.4830 - val_acc: 0.4793
Epoch 77/100
50000/50000 [==============================] - 3s 56us/sample - loss: 1.3043 - acc: 0.5392 - val_loss: 1.4731 - val_acc: 0.4801
Epoch 78/100
50000/50000 [==============================] - 3s 56us/sample - loss: 1.3048 - acc: 0.5387 - val_loss: 1.4819 - val_acc: 0.4775
Epoch 79/100
50000/50000 [==============================] - 3s 60us/sample - loss: 1.3018 - acc: 0.5399 - val_loss: 1.4670 - val_acc: 0.4855
Epoch 80/100
50000/50000 [==============================] - 3s 56us/sample - loss: 1.3003 - acc: 0.5387 - val_loss: 1.4613 - val_acc: 0.4865
Epoch 81/100
50000/50000 [==============================] - 3s 57us/sample - loss: 1.2995 - acc: 0.5393 - val_loss: 1.5013 - val_acc: 0.4768
Epoch 82/100
50000/50000 [==============================] - 3s 57us/sample - loss: 1.2954 - acc: 0.5408 - val_loss: 1.4606 - val_acc: 0.4840
Epoch 83/100
50000/50000 [==============================] - 3s 57us/sample - loss: 1.2968 - acc: 0.5411 - val_loss: 1.4653 - val_acc: 0.4850
Epoch 84/100
50000/50000 [==============================] - 3s 58us/sample - loss: 1.2946 - acc: 0.5414 - val_loss: 1.4783 - val_acc: 0.4730
Epoch 85/100
50000/50000 [==============================] - 3s 57us/sample - loss: 1.2932 - acc: 0.5442 - val_loss: 1.5073 - val_acc: 0.4761
Epoch 86/100
50000/50000 [==============================] - 3s 56us/sample - loss: 1.2899 - acc: 0.5425 - val_loss: 1.4610 - val_acc: 0.4882
Epoch 87/100
50000/50000 [==============================] - 3s 57us/sample - loss: 1.2891 - acc: 0.5426 - val_loss: 1.4618 - val_acc: 0.4864
Epoch 88/100
50000/50000 [==============================] - 3s 57us/sample - loss: 1.2868 - acc: 0.5431 - val_loss: 1.4710 - val_acc: 0.4845
Epoch 89/100
50000/50000 [==============================] - 3s 57us/sample - loss: 1.2855 - acc: 0.5464 - val_loss: 1.4847 - val_acc: 0.4805
Epoch 90/100
50000/50000 [==============================] - 3s 57us/sample - loss: 1.2838 - acc: 0.5415 - val_loss: 1.4664 - val_acc: 0.4869
Epoch 91/100
50000/50000 [==============================] - 3s 57us/sample - loss: 1.2831 - acc: 0.5457 - val_loss: 1.4671 - val_acc: 0.4894
Epoch 92/100
50000/50000 [==============================] - 3s 58us/sample - loss: 1.2811 - acc: 0.5469 - val_loss: 1.4631 - val_acc: 0.4874
Epoch 93/100
50000/50000 [==============================] - 3s 57us/sample - loss: 1.2797 - acc: 0.5472 - val_loss: 1.4717 - val_acc: 0.4838
Epoch 94/100
50000/50000 [==============================] - 3s 57us/sample - loss: 1.2765 - acc: 0.5477 - val_loss: 1.4790 - val_acc: 0.4753
Epoch 95/100
50000/50000 [==============================] - 3s 56us/sample - loss: 1.2755 - acc: 0.5475 - val_loss: 1.4778 - val_acc: 0.4794
Epoch 96/100
50000/50000 [==============================] - 3s 57us/sample - loss: 1.2730 - acc: 0.5479 - val_loss: 1.4889 - val_acc: 0.4794
Epoch 97/100
50000/50000 [==============================] - 3s 57us/sample - loss: 1.2733 - acc: 0.5487 - val_loss: 1.4740 - val_acc: 0.4804
Epoch 98/100
50000/50000 [==============================] - 3s 55us/sample - loss: 1.2708 - acc: 0.5483 - val_loss: 1.4718 - val_acc: 0.4856
Epoch 99/100
50000/50000 [==============================] - 3s 56us/sample - loss: 1.2734 - acc: 0.5474 - val_loss: 1.4629 - val_acc: 0.4859
Epoch 100/100
50000/50000 [==============================] - 3s 58us/sample - loss: 1.2693 - acc: 0.5499 - val_loss: 1.4717 - val_acc: 0.4787
Model: "sequential_128"
_________________________________________________________________
Layer (type)                 Output Shape              Param #   
=================================================================
flatten_128 (Flatten)        multiple                  0         
_________________________________________________________________
dense_314 (Dense)            multiple                  122920    
_________________________________________________________________
dense_315 (Dense)            multiple                  820       
_________________________________________________________________
dense_316 (Dense)            multiple                  210       
=================================================================
Total params: 123,950
Trainable params: 123,950
Non-trainable params: 0
_________________________________________________________________
10000/10000 [==============================] - 0s 25us/sample - loss: 1.4717 - acc: 0.4787